<?xml version="1.0" encoding="UTF-8"?>
<!-- Generated by org.testng.reporters.JUnitXMLReporter -->
<testsuite ignored="0" hostname="DESKTOP-IU0PMJ8" failures="0" tests="1" name="Test" time="29.394" errors="0" timestamp="2022-09-20T19:45:20 IST">
  <testcase classname="pom_ddf_testng_withmandetoryclass.flipkartTest" name="@BeforeMethod log" time="2.257">
    <failure type="java.io.FileNotFoundException" message="C:\Users\Shiv\Desktop\parameterization\XL SHEET.xlsx (The system cannot find the path specified)">
      <![CDATA[java.io.FileNotFoundException: C:\Users\Shiv\Desktop\parameterization\XL SHEET.xlsx (The system cannot find the path specified)
at java.base/java.io.FileInputStream.open0(Native Method)
at java.base/java.io.FileInputStream.open(FileInputStream.java:216)
at java.base/java.io.FileInputStream.<init>(FileInputStream.java:157)
at java.base/java.io.FileInputStream.<init>(FileInputStream.java:111)
at pom_ddf_testng_withmandetoryclass.utilityclass.fetchdata(utilityclass.java:20)
at pom_ddf_testng_withmandetoryclass.flipkartTest.log(flipkartTest.java:48)
at java.base/java.util.ArrayList.forEach(ArrayList.java:1511)
... Removed 31 stack frames]]>
    </failure>
  </testcase> <!-- @BeforeMethod log -->
  <testcase classname="pom_ddf_testng_withmandetoryclass.flipkartTest" name="@AfterMethod logout" time="-1.663683319292E9">
    <skipped/>
  </testcase> <!-- @AfterMethod logout -->
  <testcase classname="pom_ddf_testng_withmandetoryclass.flipkartTest" name="@AfterClass Closeapp" time="-1.663683319296E9">
    <skipped/>
  </testcase> <!-- @AfterClass Closeapp -->
  <testcase classname="pom_ddf_testng_withmandetoryclass.flipkartTest" name="verifyusername" time="0.0">
    <skipped/>
  </testcase> <!-- verifyusername -->
</testsuite> <!-- Test -->
