<?xml version="1.0" encoding="UTF-8"?>
<!-- Generated by org.testng.reporters.JUnitXMLReporter -->
<testsuite ignored="4" hostname="DESKTOP-IU0PMJ8" failures="0" tests="2" name="Test1" time="0.096" errors="0" timestamp="2022-07-17T16:22:51 IST">
  <testcase classname="testng.grouping" name="m5" time="0.014"/>
  <testcase classname="testng.grouping" name="m6" time="0.003"/>
  <testcase classname="testng.grouping" name="m2" time="0.0">
    <ignored/>
  </testcase> <!-- m2 -->
  <testcase classname="testng.grouping" name="m1" time="0.0">
    <ignored/>
  </testcase> <!-- m1 -->
  <testcase classname="testng.grouping" name="m4" time="0.0">
    <ignored/>
  </testcase> <!-- m4 -->
  <testcase classname="testng.grouping" name="m3" time="0.0">
    <ignored/>
  </testcase> <!-- m3 -->
</testsuite> <!-- Test1 -->
