<?xml version="1.0" encoding="UTF-8"?>
<!-- Generated by org.testng.reporters.JUnitXMLReporter -->
<testsuite ignored="0" hostname="DESKTOP-IU0PMJ8" failures="0" tests="3" name="Test8" time="29.445" errors="0" timestamp="2022-07-17T17:22:24 IST">
  <testcase classname="testng.parelleltesting" name="facebook" time="10.919"/>
  <testcase classname="testng.parelleltesting2" name="flipkart" time="22.994"/>
  <testcase classname="testng.parelleltesting" name="flipkart" time="18.447"/>
</testsuite> <!-- Test8 -->
